# JRE version: OpenJDK Runtime Environment (17.0.6) (build 17.0.6+0-b2043.56-9586694)
# Java VM: OpenJDK 64-Bit Server VM (17.0.6+0-b2043.56-9586694, mixed mode, tiered, compressed oops, compressed class ptrs, g1 gc, windows-amd64)
GC Precious Log:
 CPUs: 4 total, 4 available
 Memory: 8046M
 Large Page Support: Disabled
 NUMA Support: Disabled
 Compressed Oops: Enabled (32-bit)
 Heap Region Size: 1M
 Heap Min Capacity: 8M
 Heap Initial Capacity: 126M
 Heap Max Capacity: 2G
 Pre-touch: Disabled
 Parallel Workers: 4
 Concurrent Workers: 1
 Concurrent Refinement Workers: 4
 Periodic GC: Disabled
Heap:
 garbage-first heap   total 173056K, used 98406K [0x0000000080000000, 0x0000000100000000)
  region size 1024K, 1 young (1024K), 1 survivors (1024K)
 Metaspace       used 98146K, committed 98816K, reserved 1138688K
  class space    used 13374K, committed 13696K, reserved 1048576K
GC Heap History (20 events):
Event: 15.557 GC heap after
{Heap after GC invocations=28 (full 0):
 garbage-first heap   total 154624K, used 65455K [0x0000000080000000, 0x0000000100000000)
  region size 1024K, 2 young (2048K), 2 survivors (2048K)
 Metaspace       used 73279K, committed 73792K, reserved 1114112K
  class space    used 9756K, committed 9984K, reserved 1048576K
}
Event: 16.365 GC heap before
{Heap before GC invocations=29 (full 0):
 garbage-first heap   total 154624K, used 116655K [0x0000000080000000, 0x0000000100000000)
  region size 1024K, 52 young (53248K), 2 survivors (2048K)
 Metaspace       used 78698K, committed 79296K, reserved 1122304K
  class space    used 10633K, committed 10880K, reserved 1048576K
}
Event: 16.373 GC heap after
{Heap after GC invocations=30 (full 0):
 garbage-first heap   total 154624K, used 69361K [0x0000000080000000, 0x0000000100000000)
  region size 1024K, 6 young (6144K), 6 survivors (6144K)
 Metaspace       used 78698K, committed 79296K, reserved 1122304K
  class space    used 10633K, committed 10880K, reserved 1048576K
}
Event: 17.132 GC heap before
{Heap before GC invocations=30 (full 0):
 garbage-first heap   total 154624K, used 119537K [0x0000000080000000, 0x0000000100000000)
  region size 1024K, 55 young (56320K), 6 survivors (6144K)
 Metaspace       used 84646K, committed 85248K, reserved 1122304K
  class space    used 11490K, committed 11776K, reserved 1048576K
}
Event: 17.140 GC heap after
{Heap after GC invocations=31 (full 0):
 garbage-first heap   total 154624K, used 73330K [0x0000000080000000, 0x0000000100000000)
  region size 1024K, 5 young (5120K), 5 survivors (5120K)
 Metaspace       used 84646K, committed 85248K, reserved 1122304K
  class space    used 11490K, committed 11776K, reserved 1048576K
}
Event: 17.518 GC heap before
{Heap before GC invocations=31 (full 0):
 garbage-first heap   total 154624K, used 121458K [0x0000000080000000, 0x0000000100000000)
  region size 1024K, 52 young (53248K), 5 survivors (5120K)
 Metaspace       used 85914K, committed 86528K, reserved 1130496K
  class space    used 11662K, committed 11968K, reserved 1048576K
}
Event: 17.529 GC heap after
{Heap after GC invocations=32 (full 0):
 garbage-first heap   total 154624K, used 80024K [0x0000000080000000, 0x0000000100000000)
  region size 1024K, 7 young (7168K), 7 survivors (7168K)
 Metaspace       used 85914K, committed 86528K, reserved 1130496K
  class space    used 11662K, committed 11968K, reserved 1048576K
}
Event: 18.166 GC heap before
{Heap before GC invocations=33 (full 0):
 garbage-first heap   total 162816K, used 122008K [0x0000000080000000, 0x0000000100000000)
  region size 1024K, 48 young (49152K), 7 survivors (7168K)
 Metaspace       used 88119K, committed 88768K, reserved 1130496K
  class space    used 12073K, committed 12352K, reserved 1048576K
}
Event: 18.177 GC heap after
{Heap after GC invocations=34 (full 0):
 garbage-first heap   total 162816K, used 85590K [0x0000000080000000, 0x0000000100000000)
  region size 1024K, 6 young (6144K), 6 survivors (6144K)
 Metaspace       used 88119K, committed 88768K, reserved 1130496K
  class space    used 12073K, committed 12352K, reserved 1048576K
}
Event: 18.930 GC heap before
{Heap before GC invocations=34 (full 0):
 garbage-first heap   total 162816K, used 129622K [0x0000000080000000, 0x0000000100000000)
  region size 1024K, 50 young (51200K), 6 survivors (6144K)
 Metaspace       used 88852K, committed 89472K, reserved 1130496K
  class space    used 12139K, committed 12416K, reserved 1048576K
}
Event: 18.940 GC heap after
{Heap after GC invocations=35 (full 0):
 garbage-first heap   total 162816K, used 88918K [0x0000000080000000, 0x0000000100000000)
  region size 1024K, 4 young (4096K), 4 survivors (4096K)
 Metaspace       used 88852K, committed 89472K, reserved 1130496K
  class space    used 12139K, committed 12416K, reserved 1048576K
}
Event: 19.587 GC heap before
{Heap before GC invocations=36 (full 0):
 garbage-first heap   total 173056K, used 130902K [0x0000000080000000, 0x0000000100000000)
  region size 1024K, 46 young (47104K), 4 survivors (4096K)
 Metaspace       used 89698K, committed 90304K, reserved 1130496K
  class space    used 12234K, committed 12480K, reserved 1048576K
}
Event: 19.596 GC heap after
{Heap after GC invocations=37 (full 0):
 garbage-first heap   total 173056K, used 91986K [0x0000000080000000, 0x0000000100000000)
  region size 1024K, 6 young (6144K), 6 survivors (6144K)
 Metaspace       used 89698K, committed 90304K, reserved 1130496K
  class space    used 12234K, committed 12480K, reserved 1048576K
}
Event: 19.607 GC heap before
{Heap before GC invocations=37 (full 0):
 garbage-first heap   total 173056K, used 94034K [0x0000000080000000, 0x0000000100000000)
  region size 1024K, 8 young (8192K), 6 survivors (6144K)
 Metaspace       used 89698K, committed 90304K, reserved 1130496K
  class space    used 12234K, committed 12480K, reserved 1048576K
}
Event: 19.618 GC heap after
{Heap after GC invocations=38 (full 0):
 garbage-first heap   total 173056K, used 92293K [0x0000000080000000, 0x0000000100000000)
  region size 1024K, 1 young (1024K), 1 survivors (1024K)
 Metaspace       used 89698K, committed 90304K, reserved 1130496K
  class space    used 12234K, committed 12480K, reserved 1048576K
}
Event: 20.342 GC heap before
{Heap before GC invocations=38 (full 0):
 garbage-first heap   total 173056K, used 140421K [0x0000000080000000, 0x0000000100000000)
  region size 1024K, 49 young (50176K), 1 survivors (1024K)
 Metaspace       used 95788K, committed 96384K, reserved 1138688K
  class space    used 13050K, committed 13312K, reserved 1048576K
}
Event: 20.348 GC heap after
{Heap after GC invocations=39 (full 0):
 garbage-first heap   total 173056K, used 95643K [0x0000000080000000, 0x0000000100000000)
  region size 1024K, 5 young (5120K), 5 survivors (5120K)
 Metaspace       used 95788K, committed 96384K, reserved 1138688K
  class space    used 13050K, committed 13312K, reserved 1048576K
}
Event: 20.999 GC heap before
{Heap before GC invocations=40 (full 0):
 garbage-first heap   total 173056K, used 140699K [0x0000000080000000, 0x0000000100000000)
  region size 1024K, 50 young (51200K), 5 survivors (5120K)
 Metaspace       used 97972K, committed 98752K, reserved 1138688K
  class space    used 13343K, committed 13696K, reserved 1048576K
}
Event: 21.010 GC heap after
{Heap after GC invocations=41 (full 0):
 garbage-first heap   total 173056K, used 98431K [0x0000000080000000, 0x0000000100000000)
  region size 1024K, 3 young (3072K), 3 survivors (3072K)
 Metaspace       used 97972K, committed 98752K, reserved 1138688K
  class space    used 13343K, committed 13696K, reserved 1048576K
}
Event: 21.061 GC heap before
{Heap before GC invocations=41 (full 0):
 garbage-first heap   total 173056K, used 102527K [0x0000000080000000, 0x0000000100000000)
  region size 1024K, 8 young (8192K), 3 survivors (3072K)
 Metaspace       used 98146K, committed 98816K, reserved 1138688K
  class space    used 13374K, committed 13696K, reserved 1048576K
}

