# JRE version: OpenJDK Runtime Environment (17.0.6) (build 17.0.6+0-b2043.56-9586694)
# Java VM: OpenJDK 64-Bit Server VM (17.0.6+0-b2043.56-9586694, mixed mode, tiered, compressed oops, compressed class ptrs, g1 gc, windows-amd64)
GC Precious Log:
 CPUs: 4 total, 4 available
 Memory: 8046M
 Large Page Support: Disabled
 NUMA Support: Disabled
 Compressed Oops: Enabled (32-bit)
 Heap Region Size: 1M
 Heap Min Capacity: 8M
 Heap Initial Capacity: 126M
 Heap Max Capacity: 2G
 Pre-touch: Disabled
 Parallel Workers: 4
 Concurrent Workers: 1
 Concurrent Refinement Workers: 4
 Periodic GC: Disabled
Heap:
 garbage-first heap   total 249856K, used 147436K [0x0000000080000000, 0x0000000100000000)
  region size 1024K, 4 young (4096K), 1 survivors (1024K)
 Metaspace       used 127185K, committed 128064K, reserved 1163264K
  class space    used 17167K, committed 17600K, reserved 1048576K
GC Heap History (20 events):
Event: 69.931 GC heap before
{Heap before GC invocations=46 (full 0):
 garbage-first heap   total 225280K, used 182420K [0x0000000080000000, 0x0000000100000000)
  region size 1024K, 82 young (83968K), 6 survivors (6144K)
 Metaspace       used 104088K, committed 104768K, reserved 1146880K
  class space    used 14016K, committed 14336K, reserved 1048576K
}
Event: 69.964 GC heap after
{Heap after GC invocations=47 (full 0):
 garbage-first heap   total 225280K, used 113466K [0x0000000080000000, 0x0000000100000000)
  region size 1024K, 11 young (11264K), 11 survivors (11264K)
 Metaspace       used 104088K, committed 104768K, reserved 1146880K
  class space    used 14016K, committed 14336K, reserved 1048576K
}
Event: 114.185 GC heap before
{Heap before GC invocations=47 (full 0):
 garbage-first heap   total 225280K, used 181050K [0x0000000080000000, 0x0000000100000000)
  region size 1024K, 78 young (79872K), 11 survivors (11264K)
 Metaspace       used 110572K, committed 111360K, reserved 1146880K
  class space    used 14895K, committed 15296K, reserved 1048576K
}
Event: 114.299 GC heap after
{Heap after GC invocations=48 (full 0):
 garbage-first heap   total 225280K, used 121815K [0x0000000080000000, 0x0000000100000000)
  region size 1024K, 8 young (8192K), 8 survivors (8192K)
 Metaspace       used 110572K, committed 111360K, reserved 1146880K
  class space    used 14895K, committed 15296K, reserved 1048576K
}
Event: 115.740 GC heap before
{Heap before GC invocations=48 (full 0):
 garbage-first heap   total 225280K, used 182231K [0x0000000080000000, 0x0000000100000000)
  region size 1024K, 68 young (69632K), 8 survivors (8192K)
 Metaspace       used 119943K, committed 120832K, reserved 1155072K
  class space    used 16295K, committed 16704K, reserved 1048576K
}
Event: 115.766 GC heap after
{Heap after GC invocations=49 (full 0):
 garbage-first heap   total 225280K, used 126822K [0x0000000080000000, 0x0000000100000000)
  region size 1024K, 6 young (6144K), 6 survivors (6144K)
 Metaspace       used 119943K, committed 120832K, reserved 1155072K
  class space    used 16295K, committed 16704K, reserved 1048576K
}
Event: 116.569 GC heap before
{Heap before GC invocations=49 (full 0):
 garbage-first heap   total 225280K, used 184166K [0x0000000080000000, 0x0000000100000000)
  region size 1024K, 63 young (64512K), 6 survivors (6144K)
 Metaspace       used 122253K, committed 123072K, reserved 1155072K
  class space    used 16592K, committed 16960K, reserved 1048576K
}
Event: 116.591 GC heap after
{Heap after GC invocations=50 (full 0):
 garbage-first heap   total 225280K, used 125788K [0x0000000080000000, 0x0000000100000000)
  region size 1024K, 1 young (1024K), 1 survivors (1024K)
 Metaspace       used 122253K, committed 123072K, reserved 1155072K
  class space    used 16592K, committed 16960K, reserved 1048576K
}
Event: 117.588 GC heap before
{Heap before GC invocations=50 (full 0):
 garbage-first heap   total 225280K, used 186204K [0x0000000080000000, 0x0000000100000000)
  region size 1024K, 61 young (62464K), 1 survivors (1024K)
 Metaspace       used 123884K, committed 124672K, reserved 1163264K
  class space    used 16770K, committed 17152K, reserved 1048576K
}
Event: 117.598 GC heap after
{Heap after GC invocations=51 (full 0):
 garbage-first heap   total 225280K, used 126801K [0x0000000080000000, 0x0000000100000000)
  region size 1024K, 2 young (2048K), 2 survivors (2048K)
 Metaspace       used 123884K, committed 124672K, reserved 1163264K
  class space    used 16770K, committed 17152K, reserved 1048576K
}
Event: 169.104 GC heap before
{Heap before GC invocations=51 (full 0):
 garbage-first heap   total 225280K, used 200529K [0x0000000080000000, 0x0000000100000000)
  region size 1024K, 62 young (63488K), 2 survivors (2048K)
 Metaspace       used 126491K, committed 127360K, reserved 1163264K
  class space    used 17150K, committed 17600K, reserved 1048576K
}
Event: 169.226 GC heap after
{Heap after GC invocations=52 (full 0):
 garbage-first heap   total 225280K, used 130571K [0x0000000080000000, 0x0000000100000000)
  region size 1024K, 6 young (6144K), 6 survivors (6144K)
 Metaspace       used 126491K, committed 127360K, reserved 1163264K
  class space    used 17150K, committed 17600K, reserved 1048576K
}
Event: 178.743 GC heap before
{Heap before GC invocations=53 (full 0):
 garbage-first heap   total 249856K, used 184843K [0x0000000080000000, 0x0000000100000000)
  region size 1024K, 60 young (61440K), 6 survivors (6144K)
 Metaspace       used 126793K, committed 127680K, reserved 1163264K
  class space    used 17166K, committed 17600K, reserved 1048576K
}
Event: 178.797 GC heap after
{Heap after GC invocations=54 (full 0):
 garbage-first heap   total 249856K, used 138081K [0x0000000080000000, 0x0000000100000000)
  region size 1024K, 8 young (8192K), 8 survivors (8192K)
 Metaspace       used 126793K, committed 127680K, reserved 1163264K
  class space    used 17166K, committed 17600K, reserved 1048576K
}
Event: 179.182 GC heap before
{Heap before GC invocations=54 (full 0):
 garbage-first heap   total 249856K, used 141153K [0x0000000080000000, 0x0000000100000000)
  region size 1024K, 12 young (12288K), 8 survivors (8192K)
 Metaspace       used 126833K, committed 127680K, reserved 1163264K
  class space    used 17166K, committed 17600K, reserved 1048576K
}
Event: 179.218 GC heap after
{Heap after GC invocations=55 (full 0):
 garbage-first heap   total 249856K, used 132413K [0x0000000080000000, 0x0000000100000000)
  region size 1024K, 2 young (2048K), 2 survivors (2048K)
 Metaspace       used 126833K, committed 127680K, reserved 1163264K
  class space    used 17166K, committed 17600K, reserved 1048576K
}
Event: 180.592 GC heap before
{Heap before GC invocations=55 (full 0):
 garbage-first heap   total 249856K, used 201021K [0x0000000080000000, 0x0000000100000000)
  region size 1024K, 70 young (71680K), 2 survivors (2048K)
 Metaspace       used 126903K, committed 127808K, reserved 1163264K
  class space    used 17166K, committed 17600K, reserved 1048576K
}
Event: 180.601 GC heap after
{Heap after GC invocations=56 (full 0):
 garbage-first heap   total 249856K, used 134514K [0x0000000080000000, 0x0000000100000000)
  region size 1024K, 4 young (4096K), 4 survivors (4096K)
 Metaspace       used 126903K, committed 127808K, reserved 1163264K
  class space    used 17166K, committed 17600K, reserved 1048576K
}
Event: 181.422 GC heap before
{Heap before GC invocations=56 (full 0):
 garbage-first heap   total 249856K, used 204146K [0x0000000080000000, 0x0000000100000000)
  region size 1024K, 73 young (74752K), 4 survivors (4096K)
 Metaspace       used 127165K, committed 128064K, reserved 1163264K
  class space    used 17167K, committed 17600K, reserved 1048576K
}
Event: 181.424 GC heap after
{Heap after GC invocations=57 (full 0):
 garbage-first heap   total 249856K, used 132076K [0x0000000080000000, 0x0000000100000000)
  region size 1024K, 1 young (1024K), 1 survivors (1024K)
 Metaspace       used 127165K, committed 128064K, reserved 1163264K
  class space    used 17167K, committed 17600K, reserved 1048576K
}

